<?xml version="1.0" encoding="UTF-8"?>
<testng-results skipped="0" failed="0" ignored="0" total="1" passed="1">
  <reporter-output>
  </reporter-output>
  <suite name="Suite" duration-ms="39769" started-at="2017-03-16T09:50:46Z" finished-at="2017-03-16T09:51:26Z">
    <groups>
    </groups>
    <test name="Test" duration-ms="39769" started-at="2017-03-16T09:50:46Z" finished-at="2017-03-16T09:51:26Z">
      <class name="testScripts.loginTestAuthorisedUser">
        <test-method status="PASS" signature="setUp()[pri:0, instance:testScripts.loginTestAuthorisedUser@343f4d3d]" name="setUp" is-config="true" duration-ms="29833" started-at="2017-03-16T15:20:46Z" finished-at="2017-03-16T15:21:16Z">
          <reporter-output>
          </reporter-output>
        </test-method> <!-- setUp -->
        <test-method status="PASS" signature="validlogin()[pri:0, instance:testScripts.loginTestAuthorisedUser@343f4d3d]" name="validlogin" duration-ms="6885" started-at="2017-03-16T15:21:16Z" finished-at="2017-03-16T15:21:23Z">
          <reporter-output>
          </reporter-output>
        </test-method> <!-- validlogin -->
        <test-method status="PASS" signature="close()[pri:0, instance:testScripts.loginTestAuthorisedUser@343f4d3d]" name="close" is-config="true" duration-ms="3032" started-at="2017-03-16T15:21:23Z" finished-at="2017-03-16T15:21:26Z">
          <reporter-output>
          </reporter-output>
        </test-method> <!-- close -->
      </class> <!-- testScripts.loginTestAuthorisedUser -->
    </test> <!-- Test -->
  </suite> <!-- Suite -->
</testng-results>
